<?xml version="1.0" encoding="UTF-8"?>
<testsuite xmlns:xsi="http://www.w3.org/2001/XMLSchema-instance" xsi:noNamespaceSchemaLocation="https://maven.apache.org/surefire/maven-surefire-plugin/xsd/surefire-test-report.xsd" name="com.cse546.project1.Ec2UtilTest" time="4.42" tests="1" errors="0" skipped="0" failures="0">
  <properties>
    <property name="sun.desktop" value="windows"/>
    <property name="awt.toolkit" value="sun.awt.windows.WToolkit"/>
    <property name="file.encoding.pkg" value="sun.io"/>
    <property name="java.specification.version" value="1.8"/>
    <property name="sun.cpu.isalist" value="amd64"/>
    <property name="sun.jnu.encoding" value="Cp1252"/>
    <property name="java.class.path" value="C:\Users\sangr\Documents\BigData\project1\target\test-classes;C:\Users\sangr\Documents\BigData\project1\target\classes;C:\Users\sangr\.m2\repository\org\springframework\boot\spring-boot-starter-web\2.7.3\spring-boot-starter-web-2.7.3.jar;C:\Users\sangr\.m2\repository\org\springframework\boot\spring-boot-starter\2.7.3\spring-boot-starter-2.7.3.jar;C:\Users\sangr\.m2\repository\org\springframework\boot\spring-boot\2.7.3\spring-boot-2.7.3.jar;C:\Users\sangr\.m2\repository\org\springframework\boot\spring-boot-autoconfigure\2.7.3\spring-boot-autoconfigure-2.7.3.jar;C:\Users\sangr\.m2\repository\org\springframework\boot\spring-boot-starter-logging\2.7.3\spring-boot-starter-logging-2.7.3.jar;C:\Users\sangr\.m2\repository\ch\qos\logback\logback-classic\1.2.11\logback-classic-1.2.11.jar;C:\Users\sangr\.m2\repository\ch\qos\logback\logback-core\1.2.11\logback-core-1.2.11.jar;C:\Users\sangr\.m2\repository\org\apache\logging\log4j\log4j-to-slf4j\2.17.2\log4j-to-slf4j-2.17.2.jar;C:\Users\sangr\.m2\repository\org\apache\logging\log4j\log4j-api\2.17.2\log4j-api-2.17.2.jar;C:\Users\sangr\.m2\repository\org\slf4j\jul-to-slf4j\1.7.36\jul-to-slf4j-1.7.36.jar;C:\Users\sangr\.m2\repository\jakarta\annotation\jakarta.annotation-api\1.3.5\jakarta.annotation-api-1.3.5.jar;C:\Users\sangr\.m2\repository\org\yaml\snakeyaml\1.30\snakeyaml-1.30.jar;C:\Users\sangr\.m2\repository\org\springframework\boot\spring-boot-starter-json\2.7.3\spring-boot-starter-json-2.7.3.jar;C:\Users\sangr\.m2\repository\com\fasterxml\jackson\core\jackson-databind\2.13.3\jackson-databind-2.13.3.jar;C:\Users\sangr\.m2\repository\com\fasterxml\jackson\core\jackson-annotations\2.13.3\jackson-annotations-2.13.3.jar;C:\Users\sangr\.m2\repository\com\fasterxml\jackson\core\jackson-core\2.13.3\jackson-core-2.13.3.jar;C:\Users\sangr\.m2\repository\com\fasterxml\jackson\datatype\jackson-datatype-jdk8\2.13.3\jackson-datatype-jdk8-2.13.3.jar;C:\Users\sangr\.m2\repository\com\fasterxml\jackson\datatype\jackson-datatype-jsr310\2.13.3\jackson-datatype-jsr310-2.13.3.jar;C:\Users\sangr\.m2\repository\com\fasterxml\jackson\module\jackson-module-parameter-names\2.13.3\jackson-module-parameter-names-2.13.3.jar;C:\Users\sangr\.m2\repository\org\springframework\boot\spring-boot-starter-tomcat\2.7.3\spring-boot-starter-tomcat-2.7.3.jar;C:\Users\sangr\.m2\repository\org\apache\tomcat\embed\tomcat-embed-core\9.0.65\tomcat-embed-core-9.0.65.jar;C:\Users\sangr\.m2\repository\org\apache\tomcat\embed\tomcat-embed-el\9.0.65\tomcat-embed-el-9.0.65.jar;C:\Users\sangr\.m2\repository\org\apache\tomcat\embed\tomcat-embed-websocket\9.0.65\tomcat-embed-websocket-9.0.65.jar;C:\Users\sangr\.m2\repository\org\springframework\spring-web\5.3.22\spring-web-5.3.22.jar;C:\Users\sangr\.m2\repository\org\springframework\spring-beans\5.3.22\spring-beans-5.3.22.jar;C:\Users\sangr\.m2\repository\org\springframework\spring-webmvc\5.3.22\spring-webmvc-5.3.22.jar;C:\Users\sangr\.m2\repository\org\springframework\spring-aop\5.3.22\spring-aop-5.3.22.jar;C:\Users\sangr\.m2\repository\org\springframework\spring-context\5.3.22\spring-context-5.3.22.jar;C:\Users\sangr\.m2\repository\org\springframework\spring-expression\5.3.22\spring-expression-5.3.22.jar;C:\Users\sangr\.m2\repository\org\springframework\boot\spring-boot-starter-test\2.7.3\spring-boot-starter-test-2.7.3.jar;C:\Users\sangr\.m2\repository\org\springframework\boot\spring-boot-test\2.7.3\spring-boot-test-2.7.3.jar;C:\Users\sangr\.m2\repository\org\springframework\boot\spring-boot-test-autoconfigure\2.7.3\spring-boot-test-autoconfigure-2.7.3.jar;C:\Users\sangr\.m2\repository\com\jayway\jsonpath\json-path\2.7.0\json-path-2.7.0.jar;C:\Users\sangr\.m2\repository\net\minidev\json-smart\2.4.8\json-smart-2.4.8.jar;C:\Users\sangr\.m2\repository\net\minidev\accessors-smart\2.4.8\accessors-smart-2.4.8.jar;C:\Users\sangr\.m2\repository\org\ow2\asm\asm\9.1\asm-9.1.jar;C:\Users\sangr\.m2\repository\org\slf4j\slf4j-api\1.7.36\slf4j-api-1.7.36.jar;C:\Users\sangr\.m2\repository\jakarta\xml\bind\jakarta.xml.bind-api\2.3.3\jakarta.xml.bind-api-2.3.3.jar;C:\Users\sangr\.m2\repository\jakarta\activation\jakarta.activation-api\1.2.2\jakarta.activation-api-1.2.2.jar;C:\Users\sangr\.m2\repository\org\assertj\assertj-core\3.22.0\assertj-core-3.22.0.jar;C:\Users\sangr\.m2\repository\org\hamcrest\hamcrest\2.2\hamcrest-2.2.jar;C:\Users\sangr\.m2\repository\org\junit\jupiter\junit-jupiter\5.8.2\junit-jupiter-5.8.2.jar;C:\Users\sangr\.m2\repository\org\junit\jupiter\junit-jupiter-api\5.8.2\junit-jupiter-api-5.8.2.jar;C:\Users\sangr\.m2\repository\org\opentest4j\opentest4j\1.2.0\opentest4j-1.2.0.jar;C:\Users\sangr\.m2\repository\org\junit\platform\junit-platform-commons\1.8.2\junit-platform-commons-1.8.2.jar;C:\Users\sangr\.m2\repository\org\apiguardian\apiguardian-api\1.1.2\apiguardian-api-1.1.2.jar;C:\Users\sangr\.m2\repository\org\junit\jupiter\junit-jupiter-params\5.8.2\junit-jupiter-params-5.8.2.jar;C:\Users\sangr\.m2\repository\org\junit\jupiter\junit-jupiter-engine\5.8.2\junit-jupiter-engine-5.8.2.jar;C:\Users\sangr\.m2\repository\org\junit\platform\junit-platform-engine\1.8.2\junit-platform-engine-1.8.2.jar;C:\Users\sangr\.m2\repository\org\mockito\mockito-core\4.5.1\mockito-core-4.5.1.jar;C:\Users\sangr\.m2\repository\net\bytebuddy\byte-buddy\1.12.13\byte-buddy-1.12.13.jar;C:\Users\sangr\.m2\repository\net\bytebuddy\byte-buddy-agent\1.12.13\byte-buddy-agent-1.12.13.jar;C:\Users\sangr\.m2\repository\org\objenesis\objenesis\3.2\objenesis-3.2.jar;C:\Users\sangr\.m2\repository\org\mockito\mockito-junit-jupiter\4.5.1\mockito-junit-jupiter-4.5.1.jar;C:\Users\sangr\.m2\repository\org\skyscreamer\jsonassert\1.5.1\jsonassert-1.5.1.jar;C:\Users\sangr\.m2\repository\com\vaadin\external\google\android-json\0.0.20131108.vaadin1\android-json-0.0.20131108.vaadin1.jar;C:\Users\sangr\.m2\repository\org\springframework\spring-core\5.3.22\spring-core-5.3.22.jar;C:\Users\sangr\.m2\repository\org\springframework\spring-jcl\5.3.22\spring-jcl-5.3.22.jar;C:\Users\sangr\.m2\repository\org\springframework\spring-test\5.3.22\spring-test-5.3.22.jar;C:\Users\sangr\.m2\repository\org\xmlunit\xmlunit-core\2.9.0\xmlunit-core-2.9.0.jar;C:\Users\sangr\.m2\repository\com\amazonaws\aws-java-sdk\1.11.256\aws-java-sdk-1.11.256.jar;C:\Users\sangr\.m2\repository\com\amazonaws\aws-java-sdk-workmail\1.11.256\aws-java-sdk-workmail-1.11.256.jar;C:\Users\sangr\.m2\repository\com\amazonaws\jmespath-java\1.11.256\jmespath-java-1.11.256.jar;C:\Users\sangr\.m2\repository\com\amazonaws\aws-java-sdk-servicediscovery\1.11.256\aws-java-sdk-servicediscovery-1.11.256.jar;C:\Users\sangr\.m2\repository\com\amazonaws\aws-java-sdk-cloud9\1.11.256\aws-java-sdk-cloud9-1.11.256.jar;C:\Users\sangr\.m2\repository\com\amazonaws\aws-java-sdk-serverlessapplicationrepository\1.11.256\aws-java-sdk-serverlessapplicationrepository-1.11.256.jar;C:\Users\sangr\.m2\repository\com\amazonaws\aws-java-sdk-alexaforbusiness\1.11.256\aws-java-sdk-alexaforbusiness-1.11.256.jar;C:\Users\sangr\.m2\repository\com\amazonaws\aws-java-sdk-resourcegroups\1.11.256\aws-java-sdk-resourcegroups-1.11.256.jar;C:\Users\sangr\.m2\repository\com\amazonaws\aws-java-sdk-comprehend\1.11.256\aws-java-sdk-comprehend-1.11.256.jar;C:\Users\sangr\.m2\repository\com\amazonaws\aws-java-sdk-translate\1.11.256\aws-java-sdk-translate-1.11.256.jar;C:\Users\sangr\.m2\repository\com\amazonaws\aws-java-sdk-sagemaker\1.11.256\aws-java-sdk-sagemaker-1.11.256.jar;C:\Users\sangr\.m2\repository\com\amazonaws\aws-java-sdk-iotjobsdataplane\1.11.256\aws-java-sdk-iotjobsdataplane-1.11.256.jar;C:\Users\sangr\.m2\repository\com\amazonaws\aws-java-sdk-sagemakerruntime\1.11.256\aws-java-sdk-sagemakerruntime-1.11.256.jar;C:\Users\sangr\.m2\repository\com\amazonaws\aws-java-sdk-kinesisvideo\1.11.256\aws-java-sdk-kinesisvideo-1.11.256.jar;C:\Users\sangr\.m2\repository\io\netty\netty-codec-http\4.1.79.Final\netty-codec-http-4.1.79.Final.jar;C:\Users\sangr\.m2\repository\io\netty\netty-common\4.1.79.Final\netty-common-4.1.79.Final.jar;C:\Users\sangr\.m2\repository\io\netty\netty-buffer\4.1.79.Final\netty-buffer-4.1.79.Final.jar;C:\Users\sangr\.m2\repository\io\netty\netty-transport\4.1.79.Final\netty-transport-4.1.79.Final.jar;C:\Users\sangr\.m2\repository\io\netty\netty-codec\4.1.79.Final\netty-codec-4.1.79.Final.jar;C:\Users\sangr\.m2\repository\io\netty\netty-handler\4.1.79.Final\netty-handler-4.1.79.Final.jar;C:\Users\sangr\.m2\repository\io\netty\netty-resolver\4.1.79.Final\netty-resolver-4.1.79.Final.jar;C:\Users\sangr\.m2\repository\io\netty\netty-transport-native-unix-common\4.1.79.Final\netty-transport-native-unix-common-4.1.79.Final.jar;C:\Users\sangr\.m2\repository\com\amazonaws\aws-java-sdk-appsync\1.11.256\aws-java-sdk-appsync-1.11.256.jar;C:\Users\sangr\.m2\repository\com\amazonaws\aws-java-sdk-guardduty\1.11.256\aws-java-sdk-guardduty-1.11.256.jar;C:\Users\sangr\.m2\repository\com\amazonaws\aws-java-sdk-mq\1.11.256\aws-java-sdk-mq-1.11.256.jar;C:\Users\sangr\.m2\repository\com\amazonaws\aws-java-sdk-mediaconvert\1.11.256\aws-java-sdk-mediaconvert-1.11.256.jar;C:\Users\sangr\.m2\repository\com\amazonaws\aws-java-sdk-mediastore\1.11.256\aws-java-sdk-mediastore-1.11.256.jar;C:\Users\sangr\.m2\repository\com\amazonaws\aws-java-sdk-mediastoredata\1.11.256\aws-java-sdk-mediastoredata-1.11.256.jar;C:\Users\sangr\.m2\repository\com\amazonaws\aws-java-sdk-medialive\1.11.256\aws-java-sdk-medialive-1.11.256.jar;C:\Users\sangr\.m2\repository\com\amazonaws\aws-java-sdk-mediapackage\1.11.256\aws-java-sdk-mediapackage-1.11.256.jar;C:\Users\sangr\.m2\repository\com\amazonaws\aws-java-sdk-costexplorer\1.11.256\aws-java-sdk-costexplorer-1.11.256.jar;C:\Users\sangr\.m2\repository\com\amazonaws\aws-java-sdk-pricing\1.11.256\aws-java-sdk-pricing-1.11.256.jar;C:\Users\sangr\.m2\repository\com\amazonaws\aws-java-sdk-mobile\1.11.256\aws-java-sdk-mobile-1.11.256.jar;C:\Users\sangr\.m2\repository\com\amazonaws\aws-java-sdk-cloudhsmv2\1.11.256\aws-java-sdk-cloudhsmv2-1.11.256.jar;C:\Users\sangr\.m2\repository\com\amazonaws\aws-java-sdk-glue\1.11.256\aws-java-sdk-glue-1.11.256.jar;C:\Users\sangr\.m2\repository\com\amazonaws\aws-java-sdk-migrationhub\1.11.256\aws-java-sdk-migrationhub-1.11.256.jar;C:\Users\sangr\.m2\repository\com\amazonaws\aws-java-sdk-dax\1.11.256\aws-java-sdk-dax-1.11.256.jar;C:\Users\sangr\.m2\repository\com\amazonaws\aws-java-sdk-greengrass\1.11.256\aws-java-sdk-greengrass-1.11.256.jar;C:\Users\sangr\.m2\repository\com\amazonaws\aws-java-sdk-athena\1.11.256\aws-java-sdk-athena-1.11.256.jar;C:\Users\sangr\.m2\repository\com\amazonaws\aws-java-sdk-marketplaceentitlement\1.11.256\aws-java-sdk-marketplaceentitlement-1.11.256.jar;C:\Users\sangr\.m2\repository\com\amazonaws\aws-java-sdk-codestar\1.11.256\aws-java-sdk-codestar-1.11.256.jar;C:\Users\sangr\.m2\repository\com\amazonaws\aws-java-sdk-lexmodelbuilding\1.11.256\aws-java-sdk-lexmodelbuilding-1.11.256.jar;C:\Users\sangr\.m2\repository\com\amazonaws\aws-java-sdk-resourcegroupstaggingapi\1.11.256\aws-java-sdk-resourcegroupstaggingapi-1.11.256.jar;C:\Users\sangr\.m2\repository\com\amazonaws\aws-java-sdk-pinpoint\1.11.256\aws-java-sdk-pinpoint-1.11.256.jar;C:\Users\sangr\.m2\repository\com\amazonaws\aws-java-sdk-xray\1.11.256\aws-java-sdk-xray-1.11.256.jar;C:\Users\sangr\.m2\repository\com\amazonaws\aws-java-sdk-opsworkscm\1.11.256\aws-java-sdk-opsworkscm-1.11.256.jar;C:\Users\sangr\.m2\repository\com\amazonaws\aws-java-sdk-support\1.11.256\aws-java-sdk-support-1.11.256.jar;C:\Users\sangr\.m2\repository\com\amazonaws\aws-java-sdk-simpledb\1.11.256\aws-java-sdk-simpledb-1.11.256.jar;C:\Users\sangr\.m2\repository\com\amazonaws\aws-java-sdk-servicecatalog\1.11.256\aws-java-sdk-servicecatalog-1.11.256.jar;C:\Users\sangr\.m2\repository\com\amazonaws\aws-java-sdk-servermigration\1.11.256\aws-java-sdk-servermigration-1.11.256.jar;C:\Users\sangr\.m2\repository\com\amazonaws\aws-java-sdk-simpleworkflow\1.11.256\aws-java-sdk-simpleworkflow-1.11.256.jar;C:\Users\sangr\.m2\repository\com\amazonaws\aws-java-sdk-storagegateway\1.11.256\aws-java-sdk-storagegateway-1.11.256.jar;C:\Users\sangr\.m2\repository\com\amazonaws\aws-java-sdk-route53\1.11.256\aws-java-sdk-route53-1.11.256.jar;C:\Users\sangr\.m2\repository\com\amazonaws\aws-java-sdk-s3\1.11.256\aws-java-sdk-s3-1.11.256.jar;C:\Users\sangr\.m2\repository\com\amazonaws\aws-java-sdk-importexport\1.11.256\aws-java-sdk-importexport-1.11.256.jar;C:\Users\sangr\.m2\repository\com\amazonaws\aws-java-sdk-sts\1.11.256\aws-java-sdk-sts-1.11.256.jar;C:\Users\sangr\.m2\repository\com\amazonaws\aws-java-sdk-sqs\1.11.256\aws-java-sdk-sqs-1.11.256.jar;C:\Users\sangr\.m2\repository\com\amazonaws\aws-java-sdk-rds\1.11.256\aws-java-sdk-rds-1.11.256.jar;C:\Users\sangr\.m2\repository\com\amazonaws\aws-java-sdk-redshift\1.11.256\aws-java-sdk-redshift-1.11.256.jar;C:\Users\sangr\.m2\repository\com\amazonaws\aws-java-sdk-elasticbeanstalk\1.11.256\aws-java-sdk-elasticbeanstalk-1.11.256.jar;C:\Users\sangr\.m2\repository\com\amazonaws\aws-java-sdk-glacier\1.11.256\aws-java-sdk-glacier-1.11.256.jar;C:\Users\sangr\.m2\repository\com\amazonaws\aws-java-sdk-iam\1.11.256\aws-java-sdk-iam-1.11.256.jar;C:\Users\sangr\.m2\repository\com\amazonaws\aws-java-sdk-datapipeline\1.11.256\aws-java-sdk-datapipeline-1.11.256.jar;C:\Users\sangr\.m2\repository\com\amazonaws\aws-java-sdk-elasticloadbalancing\1.11.256\aws-java-sdk-elasticloadbalancing-1.11.256.jar;C:\Users\sangr\.m2\repository\com\amazonaws\aws-java-sdk-elasticloadbalancingv2\1.11.256\aws-java-sdk-elasticloadbalancingv2-1.11.256.jar;C:\Users\sangr\.m2\repository\com\amazonaws\aws-java-sdk-emr\1.11.256\aws-java-sdk-emr-1.11.256.jar;C:\Users\sangr\.m2\repository\com\amazonaws\aws-java-sdk-elasticache\1.11.256\aws-java-sdk-elasticache-1.11.256.jar;C:\Users\sangr\.m2\repository\com\amazonaws\aws-java-sdk-elastictranscoder\1.11.256\aws-java-sdk-elastictranscoder-1.11.256.jar;C:\Users\sangr\.m2\repository\com\amazonaws\aws-java-sdk-ec2\1.11.256\aws-java-sdk-ec2-1.11.256.jar;C:\Users\sangr\.m2\repository\com\amazonaws\aws-java-sdk-dynamodb\1.11.256\aws-java-sdk-dynamodb-1.11.256.jar;C:\Users\sangr\.m2\repository\com\amazonaws\aws-java-sdk-sns\1.11.256\aws-java-sdk-sns-1.11.256.jar;C:\Users\sangr\.m2\repository\com\amazonaws\aws-java-sdk-budgets\1.11.256\aws-java-sdk-budgets-1.11.256.jar;C:\Users\sangr\.m2\repository\com\amazonaws\aws-java-sdk-cloudtrail\1.11.256\aws-java-sdk-cloudtrail-1.11.256.jar;C:\Users\sangr\.m2\repository\com\amazonaws\aws-java-sdk-cloudwatch\1.11.256\aws-java-sdk-cloudwatch-1.11.256.jar;C:\Users\sangr\.m2\repository\com\amazonaws\aws-java-sdk-logs\1.11.256\aws-java-sdk-logs-1.11.256.jar;C:\Users\sangr\.m2\repository\com\amazonaws\aws-java-sdk-events\1.11.256\aws-java-sdk-events-1.11.256.jar;C:\Users\sangr\.m2\repository\com\amazonaws\aws-java-sdk-cognitoidentity\1.11.256\aws-java-sdk-cognitoidentity-1.11.256.jar;C:\Users\sangr\.m2\repository\com\amazonaws\aws-java-sdk-cognitosync\1.11.256\aws-java-sdk-cognitosync-1.11.256.jar;C:\Users\sangr\.m2\repository\com\amazonaws\aws-java-sdk-directconnect\1.11.256\aws-java-sdk-directconnect-1.11.256.jar;C:\Users\sangr\.m2\repository\com\amazonaws\aws-java-sdk-cloudformation\1.11.256\aws-java-sdk-cloudformation-1.11.256.jar;C:\Users\sangr\.m2\repository\com\amazonaws\aws-java-sdk-cloudfront\1.11.256\aws-java-sdk-cloudfront-1.11.256.jar;C:\Users\sangr\.m2\repository\com\amazonaws\aws-java-sdk-clouddirectory\1.11.256\aws-java-sdk-clouddirectory-1.11.256.jar;C:\Users\sangr\.m2\repository\com\amazonaws\aws-java-sdk-kinesis\1.11.256\aws-java-sdk-kinesis-1.11.256.jar;C:\Users\sangr\.m2\repository\com\amazonaws\aws-java-sdk-opsworks\1.11.256\aws-java-sdk-opsworks-1.11.256.jar;C:\Users\sangr\.m2\repository\com\amazonaws\aws-java-sdk-ses\1.11.256\aws-java-sdk-ses-1.11.256.jar;C:\Users\sangr\.m2\repository\com\amazonaws\aws-java-sdk-autoscaling\1.11.256\aws-java-sdk-autoscaling-1.11.256.jar;C:\Users\sangr\.m2\repository\com\amazonaws\aws-java-sdk-cloudsearch\1.11.256\aws-java-sdk-cloudsearch-1.11.256.jar;C:\Users\sangr\.m2\repository\com\amazonaws\aws-java-sdk-cloudwatchmetrics\1.11.256\aws-java-sdk-cloudwatchmetrics-1.11.256.jar;C:\Users\sangr\.m2\repository\com\amazonaws\aws-java-sdk-codedeploy\1.11.256\aws-java-sdk-codedeploy-1.11.256.jar;C:\Users\sangr\.m2\repository\com\amazonaws\aws-java-sdk-codepipeline\1.11.256\aws-java-sdk-codepipeline-1.11.256.jar;C:\Users\sangr\.m2\repository\com\amazonaws\aws-java-sdk-kms\1.11.256\aws-java-sdk-kms-1.11.256.jar;C:\Users\sangr\.m2\repository\com\amazonaws\aws-java-sdk-config\1.11.256\aws-java-sdk-config-1.11.256.jar;C:\Users\sangr\.m2\repository\com\amazonaws\aws-java-sdk-lambda\1.11.256\aws-java-sdk-lambda-1.11.256.jar;C:\Users\sangr\.m2\repository\com\amazonaws\aws-java-sdk-ecs\1.11.256\aws-java-sdk-ecs-1.11.256.jar;C:\Users\sangr\.m2\repository\com\amazonaws\aws-java-sdk-ecr\1.11.256\aws-java-sdk-ecr-1.11.256.jar;C:\Users\sangr\.m2\repository\com\amazonaws\aws-java-sdk-cloudhsm\1.11.256\aws-java-sdk-cloudhsm-1.11.256.jar;C:\Users\sangr\.m2\repository\com\amazonaws\aws-java-sdk-ssm\1.11.256\aws-java-sdk-ssm-1.11.256.jar;C:\Users\sangr\.m2\repository\com\amazonaws\aws-java-sdk-workspaces\1.11.256\aws-java-sdk-workspaces-1.11.256.jar;C:\Users\sangr\.m2\repository\com\amazonaws\aws-java-sdk-machinelearning\1.11.256\aws-java-sdk-machinelearning-1.11.256.jar;C:\Users\sangr\.m2\repository\com\amazonaws\aws-java-sdk-directory\1.11.256\aws-java-sdk-directory-1.11.256.jar;C:\Users\sangr\.m2\repository\com\amazonaws\aws-java-sdk-efs\1.11.256\aws-java-sdk-efs-1.11.256.jar;C:\Users\sangr\.m2\repository\com\amazonaws\aws-java-sdk-codecommit\1.11.256\aws-java-sdk-codecommit-1.11.256.jar;C:\Users\sangr\.m2\repository\com\amazonaws\aws-java-sdk-devicefarm\1.11.256\aws-java-sdk-devicefarm-1.11.256.jar;C:\Users\sangr\.m2\repository\com\amazonaws\aws-java-sdk-elasticsearch\1.11.256\aws-java-sdk-elasticsearch-1.11.256.jar;C:\Users\sangr\.m2\repository\com\amazonaws\aws-java-sdk-waf\1.11.256\aws-java-sdk-waf-1.11.256.jar;C:\Users\sangr\.m2\repository\com\amazonaws\aws-java-sdk-marketplacecommerceanalytics\1.11.256\aws-java-sdk-marketplacecommerceanalytics-1.11.256.jar;C:\Users\sangr\.m2\repository\com\amazonaws\aws-java-sdk-inspector\1.11.256\aws-java-sdk-inspector-1.11.256.jar;C:\Users\sangr\.m2\repository\com\amazonaws\aws-java-sdk-iot\1.11.256\aws-java-sdk-iot-1.11.256.jar;C:\Users\sangr\.m2\repository\com\amazonaws\aws-java-sdk-api-gateway\1.11.256\aws-java-sdk-api-gateway-1.11.256.jar;C:\Users\sangr\.m2\repository\com\amazonaws\aws-java-sdk-acm\1.11.256\aws-java-sdk-acm-1.11.256.jar;C:\Users\sangr\.m2\repository\com\amazonaws\aws-java-sdk-gamelift\1.11.256\aws-java-sdk-gamelift-1.11.256.jar;C:\Users\sangr\.m2\repository\com\amazonaws\aws-java-sdk-dms\1.11.256\aws-java-sdk-dms-1.11.256.jar;C:\Users\sangr\.m2\repository\com\amazonaws\aws-java-sdk-marketplacemeteringservice\1.11.256\aws-java-sdk-marketplacemeteringservice-1.11.256.jar;C:\Users\sangr\.m2\repository\com\amazonaws\aws-java-sdk-cognitoidp\1.11.256\aws-java-sdk-cognitoidp-1.11.256.jar;C:\Users\sangr\.m2\repository\com\amazonaws\aws-java-sdk-discovery\1.11.256\aws-java-sdk-discovery-1.11.256.jar;C:\Users\sangr\.m2\repository\com\amazonaws\aws-java-sdk-applicationautoscaling\1.11.256\aws-java-sdk-applicationautoscaling-1.11.256.jar;C:\Users\sangr\.m2\repository\com\amazonaws\aws-java-sdk-snowball\1.11.256\aws-java-sdk-snowball-1.11.256.jar;C:\Users\sangr\.m2\repository\com\amazonaws\aws-java-sdk-rekognition\1.11.256\aws-java-sdk-rekognition-1.11.256.jar;C:\Users\sangr\.m2\repository\com\amazonaws\aws-java-sdk-polly\1.11.256\aws-java-sdk-polly-1.11.256.jar;C:\Users\sangr\.m2\repository\com\amazonaws\aws-java-sdk-lightsail\1.11.256\aws-java-sdk-lightsail-1.11.256.jar;C:\Users\sangr\.m2\repository\com\amazonaws\aws-java-sdk-stepfunctions\1.11.256\aws-java-sdk-stepfunctions-1.11.256.jar;C:\Users\sangr\.m2\repository\com\amazonaws\aws-java-sdk-health\1.11.256\aws-java-sdk-health-1.11.256.jar;C:\Users\sangr\.m2\repository\com\amazonaws\aws-java-sdk-costandusagereport\1.11.256\aws-java-sdk-costandusagereport-1.11.256.jar;C:\Users\sangr\.m2\repository\com\amazonaws\aws-java-sdk-codebuild\1.11.256\aws-java-sdk-codebuild-1.11.256.jar;C:\Users\sangr\.m2\repository\com\amazonaws\aws-java-sdk-appstream\1.11.256\aws-java-sdk-appstream-1.11.256.jar;C:\Users\sangr\.m2\repository\com\amazonaws\aws-java-sdk-shield\1.11.256\aws-java-sdk-shield-1.11.256.jar;C:\Users\sangr\.m2\repository\com\amazonaws\aws-java-sdk-batch\1.11.256\aws-java-sdk-batch-1.11.256.jar;C:\Users\sangr\.m2\repository\com\amazonaws\aws-java-sdk-lex\1.11.256\aws-java-sdk-lex-1.11.256.jar;C:\Users\sangr\.m2\repository\com\amazonaws\aws-java-sdk-mechanicalturkrequester\1.11.256\aws-java-sdk-mechanicalturkrequester-1.11.256.jar;C:\Users\sangr\.m2\repository\com\amazonaws\aws-java-sdk-organizations\1.11.256\aws-java-sdk-organizations-1.11.256.jar;C:\Users\sangr\.m2\repository\com\amazonaws\aws-java-sdk-workdocs\1.11.256\aws-java-sdk-workdocs-1.11.256.jar;C:\Users\sangr\.m2\repository\com\amazonaws\aws-java-sdk-core\1.11.256\aws-java-sdk-core-1.11.256.jar;C:\Users\sangr\.m2\repository\commons-logging\commons-logging\1.1.3\commons-logging-1.1.3.jar;C:\Users\sangr\.m2\repository\org\apache\httpcomponents\httpclient\4.5.13\httpclient-4.5.13.jar;C:\Users\sangr\.m2\repository\org\apache\httpcomponents\httpcore\4.4.15\httpcore-4.4.15.jar;C:\Users\sangr\.m2\repository\commons-codec\commons-codec\1.15\commons-codec-1.15.jar;C:\Users\sangr\.m2\repository\software\amazon\ion\ion-java\1.0.2\ion-java-1.0.2.jar;C:\Users\sangr\.m2\repository\com\fasterxml\jackson\dataformat\jackson-dataformat-cbor\2.13.3\jackson-dataformat-cbor-2.13.3.jar;C:\Users\sangr\.m2\repository\joda-time\joda-time\2.8.1\joda-time-2.8.1.jar;C:\Users\sangr\.m2\repository\com\amazonaws\aws-java-sdk-models\1.11.256\aws-java-sdk-models-1.11.256.jar;C:\Users\sangr\.m2\repository\com\amazonaws\aws-java-sdk-swf-libraries\1.11.22\aws-java-sdk-swf-libraries-1.11.22.jar;"/>
    <property name="java.vm.vendor" value="Oracle Corporation"/>
    <property name="sun.arch.data.model" value="64"/>
    <property name="user.variant" value=""/>
    <property name="java.vendor.url" value="http://java.oracle.com/"/>
    <property name="user.timezone" value="America/Phoenix"/>
    <property name="java.vm.specification.version" value="1.8"/>
    <property name="os.name" value="Windows 11"/>
    <property name="user.country" value="US"/>
    <property name="sun.java.launcher" value="SUN_STANDARD"/>
    <property name="sun.boot.library.path" value="C:\Java\jre\bin"/>
    <property name="sun.java.command" value="C:\Users\sangr\AppData\Local\Temp\surefire5460254058346432364\surefirebooter8989027389928388195.jar C:\Users\sangr\AppData\Local\Temp\surefire5460254058346432364 2022-09-25T22-11-26_176-jvmRun1 surefire1537266107440116173tmp surefire_02958505814423194804tmp"/>
    <property name="surefire.test.class.path" value="C:\Users\sangr\Documents\BigData\project1\target\test-classes;C:\Users\sangr\Documents\BigData\project1\target\classes;C:\Users\sangr\.m2\repository\org\springframework\boot\spring-boot-starter-web\2.7.3\spring-boot-starter-web-2.7.3.jar;C:\Users\sangr\.m2\repository\org\springframework\boot\spring-boot-starter\2.7.3\spring-boot-starter-2.7.3.jar;C:\Users\sangr\.m2\repository\org\springframework\boot\spring-boot\2.7.3\spring-boot-2.7.3.jar;C:\Users\sangr\.m2\repository\org\springframework\boot\spring-boot-autoconfigure\2.7.3\spring-boot-autoconfigure-2.7.3.jar;C:\Users\sangr\.m2\repository\org\springframework\boot\spring-boot-starter-logging\2.7.3\spring-boot-starter-logging-2.7.3.jar;C:\Users\sangr\.m2\repository\ch\qos\logback\logback-classic\1.2.11\logback-classic-1.2.11.jar;C:\Users\sangr\.m2\repository\ch\qos\logback\logback-core\1.2.11\logback-core-1.2.11.jar;C:\Users\sangr\.m2\repository\org\apache\logging\log4j\log4j-to-slf4j\2.17.2\log4j-to-slf4j-2.17.2.jar;C:\Users\sangr\.m2\repository\org\apache\logging\log4j\log4j-api\2.17.2\log4j-api-2.17.2.jar;C:\Users\sangr\.m2\repository\org\slf4j\jul-to-slf4j\1.7.36\jul-to-slf4j-1.7.36.jar;C:\Users\sangr\.m2\repository\jakarta\annotation\jakarta.annotation-api\1.3.5\jakarta.annotation-api-1.3.5.jar;C:\Users\sangr\.m2\repository\org\yaml\snakeyaml\1.30\snakeyaml-1.30.jar;C:\Users\sangr\.m2\repository\org\springframework\boot\spring-boot-starter-json\2.7.3\spring-boot-starter-json-2.7.3.jar;C:\Users\sangr\.m2\repository\com\fasterxml\jackson\core\jackson-databind\2.13.3\jackson-databind-2.13.3.jar;C:\Users\sangr\.m2\repository\com\fasterxml\jackson\core\jackson-annotations\2.13.3\jackson-annotations-2.13.3.jar;C:\Users\sangr\.m2\repository\com\fasterxml\jackson\core\jackson-core\2.13.3\jackson-core-2.13.3.jar;C:\Users\sangr\.m2\repository\com\fasterxml\jackson\datatype\jackson-datatype-jdk8\2.13.3\jackson-datatype-jdk8-2.13.3.jar;C:\Users\sangr\.m2\repository\com\fasterxml\jackson\datatype\jackson-datatype-jsr310\2.13.3\jackson-datatype-jsr310-2.13.3.jar;C:\Users\sangr\.m2\repository\com\fasterxml\jackson\module\jackson-module-parameter-names\2.13.3\jackson-module-parameter-names-2.13.3.jar;C:\Users\sangr\.m2\repository\org\springframework\boot\spring-boot-starter-tomcat\2.7.3\spring-boot-starter-tomcat-2.7.3.jar;C:\Users\sangr\.m2\repository\org\apache\tomcat\embed\tomcat-embed-core\9.0.65\tomcat-embed-core-9.0.65.jar;C:\Users\sangr\.m2\repository\org\apache\tomcat\embed\tomcat-embed-el\9.0.65\tomcat-embed-el-9.0.65.jar;C:\Users\sangr\.m2\repository\org\apache\tomcat\embed\tomcat-embed-websocket\9.0.65\tomcat-embed-websocket-9.0.65.jar;C:\Users\sangr\.m2\repository\org\springframework\spring-web\5.3.22\spring-web-5.3.22.jar;C:\Users\sangr\.m2\repository\org\springframework\spring-beans\5.3.22\spring-beans-5.3.22.jar;C:\Users\sangr\.m2\repository\org\springframework\spring-webmvc\5.3.22\spring-webmvc-5.3.22.jar;C:\Users\sangr\.m2\repository\org\springframework\spring-aop\5.3.22\spring-aop-5.3.22.jar;C:\Users\sangr\.m2\repository\org\springframework\spring-context\5.3.22\spring-context-5.3.22.jar;C:\Users\sangr\.m2\repository\org\springframework\spring-expression\5.3.22\spring-expression-5.3.22.jar;C:\Users\sangr\.m2\repository\org\springframework\boot\spring-boot-starter-test\2.7.3\spring-boot-starter-test-2.7.3.jar;C:\Users\sangr\.m2\repository\org\springframework\boot\spring-boot-test\2.7.3\spring-boot-test-2.7.3.jar;C:\Users\sangr\.m2\repository\org\springframework\boot\spring-boot-test-autoconfigure\2.7.3\spring-boot-test-autoconfigure-2.7.3.jar;C:\Users\sangr\.m2\repository\com\jayway\jsonpath\json-path\2.7.0\json-path-2.7.0.jar;C:\Users\sangr\.m2\repository\net\minidev\json-smart\2.4.8\json-smart-2.4.8.jar;C:\Users\sangr\.m2\repository\net\minidev\accessors-smart\2.4.8\accessors-smart-2.4.8.jar;C:\Users\sangr\.m2\repository\org\ow2\asm\asm\9.1\asm-9.1.jar;C:\Users\sangr\.m2\repository\org\slf4j\slf4j-api\1.7.36\slf4j-api-1.7.36.jar;C:\Users\sangr\.m2\repository\jakarta\xml\bind\jakarta.xml.bind-api\2.3.3\jakarta.xml.bind-api-2.3.3.jar;C:\Users\sangr\.m2\repository\jakarta\activation\jakarta.activation-api\1.2.2\jakarta.activation-api-1.2.2.jar;C:\Users\sangr\.m2\repository\org\assertj\assertj-core\3.22.0\assertj-core-3.22.0.jar;C:\Users\sangr\.m2\repository\org\hamcrest\hamcrest\2.2\hamcrest-2.2.jar;C:\Users\sangr\.m2\repository\org\junit\jupiter\junit-jupiter\5.8.2\junit-jupiter-5.8.2.jar;C:\Users\sangr\.m2\repository\org\junit\jupiter\junit-jupiter-api\5.8.2\junit-jupiter-api-5.8.2.jar;C:\Users\sangr\.m2\repository\org\opentest4j\opentest4j\1.2.0\opentest4j-1.2.0.jar;C:\Users\sangr\.m2\repository\org\junit\platform\junit-platform-commons\1.8.2\junit-platform-commons-1.8.2.jar;C:\Users\sangr\.m2\repository\org\apiguardian\apiguardian-api\1.1.2\apiguardian-api-1.1.2.jar;C:\Users\sangr\.m2\repository\org\junit\jupiter\junit-jupiter-params\5.8.2\junit-jupiter-params-5.8.2.jar;C:\Users\sangr\.m2\repository\org\junit\jupiter\junit-jupiter-engine\5.8.2\junit-jupiter-engine-5.8.2.jar;C:\Users\sangr\.m2\repository\org\junit\platform\junit-platform-engine\1.8.2\junit-platform-engine-1.8.2.jar;C:\Users\sangr\.m2\repository\org\mockito\mockito-core\4.5.1\mockito-core-4.5.1.jar;C:\Users\sangr\.m2\repository\net\bytebuddy\byte-buddy\1.12.13\byte-buddy-1.12.13.jar;C:\Users\sangr\.m2\repository\net\bytebuddy\byte-buddy-agent\1.12.13\byte-buddy-agent-1.12.13.jar;C:\Users\sangr\.m2\repository\org\objenesis\objenesis\3.2\objenesis-3.2.jar;C:\Users\sangr\.m2\repository\org\mockito\mockito-junit-jupiter\4.5.1\mockito-junit-jupiter-4.5.1.jar;C:\Users\sangr\.m2\repository\org\skyscreamer\jsonassert\1.5.1\jsonassert-1.5.1.jar;C:\Users\sangr\.m2\repository\com\vaadin\external\google\android-json\0.0.20131108.vaadin1\android-json-0.0.20131108.vaadin1.jar;C:\Users\sangr\.m2\repository\org\springframework\spring-core\5.3.22\spring-core-5.3.22.jar;C:\Users\sangr\.m2\repository\org\springframework\spring-jcl\5.3.22\spring-jcl-5.3.22.jar;C:\Users\sangr\.m2\repository\org\springframework\spring-test\5.3.22\spring-test-5.3.22.jar;C:\Users\sangr\.m2\repository\org\xmlunit\xmlunit-core\2.9.0\xmlunit-core-2.9.0.jar;C:\Users\sangr\.m2\repository\com\amazonaws\aws-java-sdk\1.11.256\aws-java-sdk-1.11.256.jar;C:\Users\sangr\.m2\repository\com\amazonaws\aws-java-sdk-workmail\1.11.256\aws-java-sdk-workmail-1.11.256.jar;C:\Users\sangr\.m2\repository\com\amazonaws\jmespath-java\1.11.256\jmespath-java-1.11.256.jar;C:\Users\sangr\.m2\repository\com\amazonaws\aws-java-sdk-servicediscovery\1.11.256\aws-java-sdk-servicediscovery-1.11.256.jar;C:\Users\sangr\.m2\repository\com\amazonaws\aws-java-sdk-cloud9\1.11.256\aws-java-sdk-cloud9-1.11.256.jar;C:\Users\sangr\.m2\repository\com\amazonaws\aws-java-sdk-serverlessapplicationrepository\1.11.256\aws-java-sdk-serverlessapplicationrepository-1.11.256.jar;C:\Users\sangr\.m2\repository\com\amazonaws\aws-java-sdk-alexaforbusiness\1.11.256\aws-java-sdk-alexaforbusiness-1.11.256.jar;C:\Users\sangr\.m2\repository\com\amazonaws\aws-java-sdk-resourcegroups\1.11.256\aws-java-sdk-resourcegroups-1.11.256.jar;C:\Users\sangr\.m2\repository\com\amazonaws\aws-java-sdk-comprehend\1.11.256\aws-java-sdk-comprehend-1.11.256.jar;C:\Users\sangr\.m2\repository\com\amazonaws\aws-java-sdk-translate\1.11.256\aws-java-sdk-translate-1.11.256.jar;C:\Users\sangr\.m2\repository\com\amazonaws\aws-java-sdk-sagemaker\1.11.256\aws-java-sdk-sagemaker-1.11.256.jar;C:\Users\sangr\.m2\repository\com\amazonaws\aws-java-sdk-iotjobsdataplane\1.11.256\aws-java-sdk-iotjobsdataplane-1.11.256.jar;C:\Users\sangr\.m2\repository\com\amazonaws\aws-java-sdk-sagemakerruntime\1.11.256\aws-java-sdk-sagemakerruntime-1.11.256.jar;C:\Users\sangr\.m2\repository\com\amazonaws\aws-java-sdk-kinesisvideo\1.11.256\aws-java-sdk-kinesisvideo-1.11.256.jar;C:\Users\sangr\.m2\repository\io\netty\netty-codec-http\4.1.79.Final\netty-codec-http-4.1.79.Final.jar;C:\Users\sangr\.m2\repository\io\netty\netty-common\4.1.79.Final\netty-common-4.1.79.Final.jar;C:\Users\sangr\.m2\repository\io\netty\netty-buffer\4.1.79.Final\netty-buffer-4.1.79.Final.jar;C:\Users\sangr\.m2\repository\io\netty\netty-transport\4.1.79.Final\netty-transport-4.1.79.Final.jar;C:\Users\sangr\.m2\repository\io\netty\netty-codec\4.1.79.Final\netty-codec-4.1.79.Final.jar;C:\Users\sangr\.m2\repository\io\netty\netty-handler\4.1.79.Final\netty-handler-4.1.79.Final.jar;C:\Users\sangr\.m2\repository\io\netty\netty-resolver\4.1.79.Final\netty-resolver-4.1.79.Final.jar;C:\Users\sangr\.m2\repository\io\netty\netty-transport-native-unix-common\4.1.79.Final\netty-transport-native-unix-common-4.1.79.Final.jar;C:\Users\sangr\.m2\repository\com\amazonaws\aws-java-sdk-appsync\1.11.256\aws-java-sdk-appsync-1.11.256.jar;C:\Users\sangr\.m2\repository\com\amazonaws\aws-java-sdk-guardduty\1.11.256\aws-java-sdk-guardduty-1.11.256.jar;C:\Users\sangr\.m2\repository\com\amazonaws\aws-java-sdk-mq\1.11.256\aws-java-sdk-mq-1.11.256.jar;C:\Users\sangr\.m2\repository\com\amazonaws\aws-java-sdk-mediaconvert\1.11.256\aws-java-sdk-mediaconvert-1.11.256.jar;C:\Users\sangr\.m2\repository\com\amazonaws\aws-java-sdk-mediastore\1.11.256\aws-java-sdk-mediastore-1.11.256.jar;C:\Users\sangr\.m2\repository\com\amazonaws\aws-java-sdk-mediastoredata\1.11.256\aws-java-sdk-mediastoredata-1.11.256.jar;C:\Users\sangr\.m2\repository\com\amazonaws\aws-java-sdk-medialive\1.11.256\aws-java-sdk-medialive-1.11.256.jar;C:\Users\sangr\.m2\repository\com\amazonaws\aws-java-sdk-mediapackage\1.11.256\aws-java-sdk-mediapackage-1.11.256.jar;C:\Users\sangr\.m2\repository\com\amazonaws\aws-java-sdk-costexplorer\1.11.256\aws-java-sdk-costexplorer-1.11.256.jar;C:\Users\sangr\.m2\repository\com\amazonaws\aws-java-sdk-pricing\1.11.256\aws-java-sdk-pricing-1.11.256.jar;C:\Users\sangr\.m2\repository\com\amazonaws\aws-java-sdk-mobile\1.11.256\aws-java-sdk-mobile-1.11.256.jar;C:\Users\sangr\.m2\repository\com\amazonaws\aws-java-sdk-cloudhsmv2\1.11.256\aws-java-sdk-cloudhsmv2-1.11.256.jar;C:\Users\sangr\.m2\repository\com\amazonaws\aws-java-sdk-glue\1.11.256\aws-java-sdk-glue-1.11.256.jar;C:\Users\sangr\.m2\repository\com\amazonaws\aws-java-sdk-migrationhub\1.11.256\aws-java-sdk-migrationhub-1.11.256.jar;C:\Users\sangr\.m2\repository\com\amazonaws\aws-java-sdk-dax\1.11.256\aws-java-sdk-dax-1.11.256.jar;C:\Users\sangr\.m2\repository\com\amazonaws\aws-java-sdk-greengrass\1.11.256\aws-java-sdk-greengrass-1.11.256.jar;C:\Users\sangr\.m2\repository\com\amazonaws\aws-java-sdk-athena\1.11.256\aws-java-sdk-athena-1.11.256.jar;C:\Users\sangr\.m2\repository\com\amazonaws\aws-java-sdk-marketplaceentitlement\1.11.256\aws-java-sdk-marketplaceentitlement-1.11.256.jar;C:\Users\sangr\.m2\repository\com\amazonaws\aws-java-sdk-codestar\1.11.256\aws-java-sdk-codestar-1.11.256.jar;C:\Users\sangr\.m2\repository\com\amazonaws\aws-java-sdk-lexmodelbuilding\1.11.256\aws-java-sdk-lexmodelbuilding-1.11.256.jar;C:\Users\sangr\.m2\repository\com\amazonaws\aws-java-sdk-resourcegroupstaggingapi\1.11.256\aws-java-sdk-resourcegroupstaggingapi-1.11.256.jar;C:\Users\sangr\.m2\repository\com\amazonaws\aws-java-sdk-pinpoint\1.11.256\aws-java-sdk-pinpoint-1.11.256.jar;C:\Users\sangr\.m2\repository\com\amazonaws\aws-java-sdk-xray\1.11.256\aws-java-sdk-xray-1.11.256.jar;C:\Users\sangr\.m2\repository\com\amazonaws\aws-java-sdk-opsworkscm\1.11.256\aws-java-sdk-opsworkscm-1.11.256.jar;C:\Users\sangr\.m2\repository\com\amazonaws\aws-java-sdk-support\1.11.256\aws-java-sdk-support-1.11.256.jar;C:\Users\sangr\.m2\repository\com\amazonaws\aws-java-sdk-simpledb\1.11.256\aws-java-sdk-simpledb-1.11.256.jar;C:\Users\sangr\.m2\repository\com\amazonaws\aws-java-sdk-servicecatalog\1.11.256\aws-java-sdk-servicecatalog-1.11.256.jar;C:\Users\sangr\.m2\repository\com\amazonaws\aws-java-sdk-servermigration\1.11.256\aws-java-sdk-servermigration-1.11.256.jar;C:\Users\sangr\.m2\repository\com\amazonaws\aws-java-sdk-simpleworkflow\1.11.256\aws-java-sdk-simpleworkflow-1.11.256.jar;C:\Users\sangr\.m2\repository\com\amazonaws\aws-java-sdk-storagegateway\1.11.256\aws-java-sdk-storagegateway-1.11.256.jar;C:\Users\sangr\.m2\repository\com\amazonaws\aws-java-sdk-route53\1.11.256\aws-java-sdk-route53-1.11.256.jar;C:\Users\sangr\.m2\repository\com\amazonaws\aws-java-sdk-s3\1.11.256\aws-java-sdk-s3-1.11.256.jar;C:\Users\sangr\.m2\repository\com\amazonaws\aws-java-sdk-importexport\1.11.256\aws-java-sdk-importexport-1.11.256.jar;C:\Users\sangr\.m2\repository\com\amazonaws\aws-java-sdk-sts\1.11.256\aws-java-sdk-sts-1.11.256.jar;C:\Users\sangr\.m2\repository\com\amazonaws\aws-java-sdk-sqs\1.11.256\aws-java-sdk-sqs-1.11.256.jar;C:\Users\sangr\.m2\repository\com\amazonaws\aws-java-sdk-rds\1.11.256\aws-java-sdk-rds-1.11.256.jar;C:\Users\sangr\.m2\repository\com\amazonaws\aws-java-sdk-redshift\1.11.256\aws-java-sdk-redshift-1.11.256.jar;C:\Users\sangr\.m2\repository\com\amazonaws\aws-java-sdk-elasticbeanstalk\1.11.256\aws-java-sdk-elasticbeanstalk-1.11.256.jar;C:\Users\sangr\.m2\repository\com\amazonaws\aws-java-sdk-glacier\1.11.256\aws-java-sdk-glacier-1.11.256.jar;C:\Users\sangr\.m2\repository\com\amazonaws\aws-java-sdk-iam\1.11.256\aws-java-sdk-iam-1.11.256.jar;C:\Users\sangr\.m2\repository\com\amazonaws\aws-java-sdk-datapipeline\1.11.256\aws-java-sdk-datapipeline-1.11.256.jar;C:\Users\sangr\.m2\repository\com\amazonaws\aws-java-sdk-elasticloadbalancing\1.11.256\aws-java-sdk-elasticloadbalancing-1.11.256.jar;C:\Users\sangr\.m2\repository\com\amazonaws\aws-java-sdk-elasticloadbalancingv2\1.11.256\aws-java-sdk-elasticloadbalancingv2-1.11.256.jar;C:\Users\sangr\.m2\repository\com\amazonaws\aws-java-sdk-emr\1.11.256\aws-java-sdk-emr-1.11.256.jar;C:\Users\sangr\.m2\repository\com\amazonaws\aws-java-sdk-elasticache\1.11.256\aws-java-sdk-elasticache-1.11.256.jar;C:\Users\sangr\.m2\repository\com\amazonaws\aws-java-sdk-elastictranscoder\1.11.256\aws-java-sdk-elastictranscoder-1.11.256.jar;C:\Users\sangr\.m2\repository\com\amazonaws\aws-java-sdk-ec2\1.11.256\aws-java-sdk-ec2-1.11.256.jar;C:\Users\sangr\.m2\repository\com\amazonaws\aws-java-sdk-dynamodb\1.11.256\aws-java-sdk-dynamodb-1.11.256.jar;C:\Users\sangr\.m2\repository\com\amazonaws\aws-java-sdk-sns\1.11.256\aws-java-sdk-sns-1.11.256.jar;C:\Users\sangr\.m2\repository\com\amazonaws\aws-java-sdk-budgets\1.11.256\aws-java-sdk-budgets-1.11.256.jar;C:\Users\sangr\.m2\repository\com\amazonaws\aws-java-sdk-cloudtrail\1.11.256\aws-java-sdk-cloudtrail-1.11.256.jar;C:\Users\sangr\.m2\repository\com\amazonaws\aws-java-sdk-cloudwatch\1.11.256\aws-java-sdk-cloudwatch-1.11.256.jar;C:\Users\sangr\.m2\repository\com\amazonaws\aws-java-sdk-logs\1.11.256\aws-java-sdk-logs-1.11.256.jar;C:\Users\sangr\.m2\repository\com\amazonaws\aws-java-sdk-events\1.11.256\aws-java-sdk-events-1.11.256.jar;C:\Users\sangr\.m2\repository\com\amazonaws\aws-java-sdk-cognitoidentity\1.11.256\aws-java-sdk-cognitoidentity-1.11.256.jar;C:\Users\sangr\.m2\repository\com\amazonaws\aws-java-sdk-cognitosync\1.11.256\aws-java-sdk-cognitosync-1.11.256.jar;C:\Users\sangr\.m2\repository\com\amazonaws\aws-java-sdk-directconnect\1.11.256\aws-java-sdk-directconnect-1.11.256.jar;C:\Users\sangr\.m2\repository\com\amazonaws\aws-java-sdk-cloudformation\1.11.256\aws-java-sdk-cloudformation-1.11.256.jar;C:\Users\sangr\.m2\repository\com\amazonaws\aws-java-sdk-cloudfront\1.11.256\aws-java-sdk-cloudfront-1.11.256.jar;C:\Users\sangr\.m2\repository\com\amazonaws\aws-java-sdk-clouddirectory\1.11.256\aws-java-sdk-clouddirectory-1.11.256.jar;C:\Users\sangr\.m2\repository\com\amazonaws\aws-java-sdk-kinesis\1.11.256\aws-java-sdk-kinesis-1.11.256.jar;C:\Users\sangr\.m2\repository\com\amazonaws\aws-java-sdk-opsworks\1.11.256\aws-java-sdk-opsworks-1.11.256.jar;C:\Users\sangr\.m2\repository\com\amazonaws\aws-java-sdk-ses\1.11.256\aws-java-sdk-ses-1.11.256.jar;C:\Users\sangr\.m2\repository\com\amazonaws\aws-java-sdk-autoscaling\1.11.256\aws-java-sdk-autoscaling-1.11.256.jar;C:\Users\sangr\.m2\repository\com\amazonaws\aws-java-sdk-cloudsearch\1.11.256\aws-java-sdk-cloudsearch-1.11.256.jar;C:\Users\sangr\.m2\repository\com\amazonaws\aws-java-sdk-cloudwatchmetrics\1.11.256\aws-java-sdk-cloudwatchmetrics-1.11.256.jar;C:\Users\sangr\.m2\repository\com\amazonaws\aws-java-sdk-codedeploy\1.11.256\aws-java-sdk-codedeploy-1.11.256.jar;C:\Users\sangr\.m2\repository\com\amazonaws\aws-java-sdk-codepipeline\1.11.256\aws-java-sdk-codepipeline-1.11.256.jar;C:\Users\sangr\.m2\repository\com\amazonaws\aws-java-sdk-kms\1.11.256\aws-java-sdk-kms-1.11.256.jar;C:\Users\sangr\.m2\repository\com\amazonaws\aws-java-sdk-config\1.11.256\aws-java-sdk-config-1.11.256.jar;C:\Users\sangr\.m2\repository\com\amazonaws\aws-java-sdk-lambda\1.11.256\aws-java-sdk-lambda-1.11.256.jar;C:\Users\sangr\.m2\repository\com\amazonaws\aws-java-sdk-ecs\1.11.256\aws-java-sdk-ecs-1.11.256.jar;C:\Users\sangr\.m2\repository\com\amazonaws\aws-java-sdk-ecr\1.11.256\aws-java-sdk-ecr-1.11.256.jar;C:\Users\sangr\.m2\repository\com\amazonaws\aws-java-sdk-cloudhsm\1.11.256\aws-java-sdk-cloudhsm-1.11.256.jar;C:\Users\sangr\.m2\repository\com\amazonaws\aws-java-sdk-ssm\1.11.256\aws-java-sdk-ssm-1.11.256.jar;C:\Users\sangr\.m2\repository\com\amazonaws\aws-java-sdk-workspaces\1.11.256\aws-java-sdk-workspaces-1.11.256.jar;C:\Users\sangr\.m2\repository\com\amazonaws\aws-java-sdk-machinelearning\1.11.256\aws-java-sdk-machinelearning-1.11.256.jar;C:\Users\sangr\.m2\repository\com\amazonaws\aws-java-sdk-directory\1.11.256\aws-java-sdk-directory-1.11.256.jar;C:\Users\sangr\.m2\repository\com\amazonaws\aws-java-sdk-efs\1.11.256\aws-java-sdk-efs-1.11.256.jar;C:\Users\sangr\.m2\repository\com\amazonaws\aws-java-sdk-codecommit\1.11.256\aws-java-sdk-codecommit-1.11.256.jar;C:\Users\sangr\.m2\repository\com\amazonaws\aws-java-sdk-devicefarm\1.11.256\aws-java-sdk-devicefarm-1.11.256.jar;C:\Users\sangr\.m2\repository\com\amazonaws\aws-java-sdk-elasticsearch\1.11.256\aws-java-sdk-elasticsearch-1.11.256.jar;C:\Users\sangr\.m2\repository\com\amazonaws\aws-java-sdk-waf\1.11.256\aws-java-sdk-waf-1.11.256.jar;C:\Users\sangr\.m2\repository\com\amazonaws\aws-java-sdk-marketplacecommerceanalytics\1.11.256\aws-java-sdk-marketplacecommerceanalytics-1.11.256.jar;C:\Users\sangr\.m2\repository\com\amazonaws\aws-java-sdk-inspector\1.11.256\aws-java-sdk-inspector-1.11.256.jar;C:\Users\sangr\.m2\repository\com\amazonaws\aws-java-sdk-iot\1.11.256\aws-java-sdk-iot-1.11.256.jar;C:\Users\sangr\.m2\repository\com\amazonaws\aws-java-sdk-api-gateway\1.11.256\aws-java-sdk-api-gateway-1.11.256.jar;C:\Users\sangr\.m2\repository\com\amazonaws\aws-java-sdk-acm\1.11.256\aws-java-sdk-acm-1.11.256.jar;C:\Users\sangr\.m2\repository\com\amazonaws\aws-java-sdk-gamelift\1.11.256\aws-java-sdk-gamelift-1.11.256.jar;C:\Users\sangr\.m2\repository\com\amazonaws\aws-java-sdk-dms\1.11.256\aws-java-sdk-dms-1.11.256.jar;C:\Users\sangr\.m2\repository\com\amazonaws\aws-java-sdk-marketplacemeteringservice\1.11.256\aws-java-sdk-marketplacemeteringservice-1.11.256.jar;C:\Users\sangr\.m2\repository\com\amazonaws\aws-java-sdk-cognitoidp\1.11.256\aws-java-sdk-cognitoidp-1.11.256.jar;C:\Users\sangr\.m2\repository\com\amazonaws\aws-java-sdk-discovery\1.11.256\aws-java-sdk-discovery-1.11.256.jar;C:\Users\sangr\.m2\repository\com\amazonaws\aws-java-sdk-applicationautoscaling\1.11.256\aws-java-sdk-applicationautoscaling-1.11.256.jar;C:\Users\sangr\.m2\repository\com\amazonaws\aws-java-sdk-snowball\1.11.256\aws-java-sdk-snowball-1.11.256.jar;C:\Users\sangr\.m2\repository\com\amazonaws\aws-java-sdk-rekognition\1.11.256\aws-java-sdk-rekognition-1.11.256.jar;C:\Users\sangr\.m2\repository\com\amazonaws\aws-java-sdk-polly\1.11.256\aws-java-sdk-polly-1.11.256.jar;C:\Users\sangr\.m2\repository\com\amazonaws\aws-java-sdk-lightsail\1.11.256\aws-java-sdk-lightsail-1.11.256.jar;C:\Users\sangr\.m2\repository\com\amazonaws\aws-java-sdk-stepfunctions\1.11.256\aws-java-sdk-stepfunctions-1.11.256.jar;C:\Users\sangr\.m2\repository\com\amazonaws\aws-java-sdk-health\1.11.256\aws-java-sdk-health-1.11.256.jar;C:\Users\sangr\.m2\repository\com\amazonaws\aws-java-sdk-costandusagereport\1.11.256\aws-java-sdk-costandusagereport-1.11.256.jar;C:\Users\sangr\.m2\repository\com\amazonaws\aws-java-sdk-codebuild\1.11.256\aws-java-sdk-codebuild-1.11.256.jar;C:\Users\sangr\.m2\repository\com\amazonaws\aws-java-sdk-appstream\1.11.256\aws-java-sdk-appstream-1.11.256.jar;C:\Users\sangr\.m2\repository\com\amazonaws\aws-java-sdk-shield\1.11.256\aws-java-sdk-shield-1.11.256.jar;C:\Users\sangr\.m2\repository\com\amazonaws\aws-java-sdk-batch\1.11.256\aws-java-sdk-batch-1.11.256.jar;C:\Users\sangr\.m2\repository\com\amazonaws\aws-java-sdk-lex\1.11.256\aws-java-sdk-lex-1.11.256.jar;C:\Users\sangr\.m2\repository\com\amazonaws\aws-java-sdk-mechanicalturkrequester\1.11.256\aws-java-sdk-mechanicalturkrequester-1.11.256.jar;C:\Users\sangr\.m2\repository\com\amazonaws\aws-java-sdk-organizations\1.11.256\aws-java-sdk-organizations-1.11.256.jar;C:\Users\sangr\.m2\repository\com\amazonaws\aws-java-sdk-workdocs\1.11.256\aws-java-sdk-workdocs-1.11.256.jar;C:\Users\sangr\.m2\repository\com\amazonaws\aws-java-sdk-core\1.11.256\aws-java-sdk-core-1.11.256.jar;C:\Users\sangr\.m2\repository\commons-logging\commons-logging\1.1.3\commons-logging-1.1.3.jar;C:\Users\sangr\.m2\repository\org\apache\httpcomponents\httpclient\4.5.13\httpclient-4.5.13.jar;C:\Users\sangr\.m2\repository\org\apache\httpcomponents\httpcore\4.4.15\httpcore-4.4.15.jar;C:\Users\sangr\.m2\repository\commons-codec\commons-codec\1.15\commons-codec-1.15.jar;C:\Users\sangr\.m2\repository\software\amazon\ion\ion-java\1.0.2\ion-java-1.0.2.jar;C:\Users\sangr\.m2\repository\com\fasterxml\jackson\dataformat\jackson-dataformat-cbor\2.13.3\jackson-dataformat-cbor-2.13.3.jar;C:\Users\sangr\.m2\repository\joda-time\joda-time\2.8.1\joda-time-2.8.1.jar;C:\Users\sangr\.m2\repository\com\amazonaws\aws-java-sdk-models\1.11.256\aws-java-sdk-models-1.11.256.jar;C:\Users\sangr\.m2\repository\com\amazonaws\aws-java-sdk-swf-libraries\1.11.22\aws-java-sdk-swf-libraries-1.11.22.jar;"/>
    <property name="sun.cpu.endian" value="little"/>
    <property name="user.home" value="C:\Users\sangr"/>
    <property name="user.language" value="en"/>
    <property name="java.specification.vendor" value="Oracle Corporation"/>
    <property name="java.home" value="C:\Java\jre"/>
    <property name="basedir" value="C:\Users\sangr\Documents\BigData\project1"/>
    <property name="file.separator" value="\"/>
    <property name="line.separator" value="&#10;"/>
    <property name="java.vm.specification.vendor" value="Oracle Corporation"/>
    <property name="java.specification.name" value="Java Platform API Specification"/>
    <property name="java.awt.graphicsenv" value="sun.awt.Win32GraphicsEnvironment"/>
    <property name="surefire.real.class.path" value="C:\Users\sangr\AppData\Local\Temp\surefire5460254058346432364\surefirebooter8989027389928388195.jar"/>
    <property name="sun.boot.class.path" value="C:\Java\jre\lib\resources.jar;C:\Java\jre\lib\rt.jar;C:\Java\jre\lib\sunrsasign.jar;C:\Java\jre\lib\jsse.jar;C:\Java\jre\lib\jce.jar;C:\Java\jre\lib\charsets.jar;C:\Java\jre\lib\jfr.jar;C:\Java\jre\classes"/>
    <property name="user.script" value=""/>
    <property name="sun.management.compiler" value="HotSpot 64-Bit Tiered Compilers"/>
    <property name="java.runtime.version" value="1.8.0_321-b07"/>
    <property name="user.name" value="sangr"/>
    <property name="path.separator" value=";"/>
    <property name="os.version" value="10.0"/>
    <property name="java.endorsed.dirs" value="C:\Java\jre\lib\endorsed"/>
    <property name="java.runtime.name" value="Java(TM) SE Runtime Environment"/>
    <property name="file.encoding" value="Cp1252"/>
    <property name="java.vm.name" value="Java HotSpot(TM) 64-Bit Server VM"/>
    <property name="localRepository" value="C:\Users\sangr\.m2\repository"/>
    <property name="java.vendor.url.bug" value="http://bugreport.sun.com/bugreport/"/>
    <property name="java.io.tmpdir" value="C:\Users\sangr\AppData\Local\Temp\"/>
    <property name="java.version" value="1.8.0_321"/>
    <property name="user.dir" value="C:\Users\sangr\Documents\BigData\project1"/>
    <property name="os.arch" value="amd64"/>
    <property name="java.vm.specification.name" value="Java Virtual Machine Specification"/>
    <property name="java.awt.printerjob" value="sun.awt.windows.WPrinterJob"/>
    <property name="sun.os.patch.level" value=""/>
    <property name="java.library.path" value="C:\Java\jre\bin;C:\WINDOWS\Sun\Java\bin;C:\WINDOWS\system32;C:\WINDOWS;C:\Program Files (x86)\Razer Chroma SDK\bin;C:\Program Files\Razer Chroma SDK\bin;C:\Program Files (x86)\Common Files\Oracle\Java\javapath;C:\Program Files (x86)\Razer\ChromaBroadcast\bin;C:\Program Files\Razer\ChromaBroadcast\bin;C:\Python38\Scripts\;C:\Python38\;C:\Program Files (x86)\Intel\iCLS Client\;C:\Program Files\Intel\iCLS Client\;C:\WINDOWS\system32;C:\WINDOWS;C:\WINDOWS\System32\Wbem;C:\WINDOWS\System32\WindowsPowerShell\v1.0\;C:\Program Files (x86)\Intel\Intel(R) Management Engine Components\DAL;C:\Program Files\Intel\Intel(R) Management Engine Components\DAL;C:\Program Files (x86)\Intel\Intel(R) Management Engine Components\IPT;C:\Program Files\Intel\Intel(R) Management Engine Components\IPT;C:\Program Files\Intel\WiFi\bin\;C:\Program Files\Common Files\Intel\WirelessCommon\;C:\WINDOWS\System32\OpenSSH\;C:\Program Files\nodejs\;C:\ProgramData\chocolatey\bin;C:\WINDOWS\system32\config\systemprofile\AppData\Local\Microsoft\WindowsApps;C:\Program Files\PuTTY\;C:\Program Files\MATLAB\R2020b\bin;C:\Python38;C:\WINDOWS\system32;C:\WINDOWS;C:\WINDOWS\System32\Wbem;C:\WINDOWS\System32\WindowsPowerShell\v1.0\;C:\WINDOWS\System32\OpenSSH\;C:\Program Files\Git\cmd;C:\Program Files\Go\bin;C:\Java\bin;C:\Hadoop\hadoop-2.7.7\sbin;C:\Spark\spark-2.4.5-bin-hadoop2.7\bin;C:\scala\bin;C:\Program Files (x86)\sbt\bin;C:\Maven\apache-maven-3.8.6\bin;C:\Users\sangr\Anaconda3;C:\Users\sangr\Anaconda3\Library\mingw-w64\bin;C:\Users\sangr\Anaconda3\Library\usr\bin;C:\Users\sangr\Anaconda3\Library\bin;C:\Users\sangr\Anaconda3\Scripts;C:\Users\sangr\AppData\Local\Programs\Python\Python38-32\Scripts\;C:\Users\sangr\AppData\Local\Programs\Python\Python38-32\;C:\Users\sangr\AppData\Local\Microsoft\WindowsApps;C:\Users\sangr\AppData\Local\Programs\Microsoft VS Code\bin;C:\Users\sangr\AppData\Roaming\npm;C:\Users\sangr\AppData\Local\GitHubDesktop\bin;C:\MinGW\bin;C:\Program Files\JetBrains\IntelliJ IDEA 2020.3.3\bin;C:\Users\sangr\go\bin;;C:\Users\sangr\AppData\Local\Microsoft\WindowsApps;C:\Users\sangr\AppData\Local\JetBrains\IntelliJ IDEA Community Edition 2022.1\bin;;."/>
    <property name="java.vm.info" value="mixed mode"/>
    <property name="java.vendor" value="Oracle Corporation"/>
    <property name="java.vm.version" value="25.321-b07"/>
    <property name="java.ext.dirs" value="C:\Java\jre\lib\ext;C:\WINDOWS\Sun\Java\lib\ext"/>
    <property name="sun.io.unicode.encoding" value="UnicodeLittle"/>
    <property name="java.class.version" value="52.0"/>
  </properties>
  <testcase name="instanceCount" classname="com.cse546.project1.Ec2UtilTest" time="4.412"/>
</testsuite>